(ARCTools Version 2.1.2)
 HexLoc     DecLoc    MachWord   Label        Instruction                Comment
                                              .org 2048                  
00000800  0000002048  c2002824  m_start:      ld [2084], %r1             
00000804  0000002052  c4002828                ld [2088], %r2             
00000808  0000002056  80a04002                subcc %r1, %r2, %r0        
0000080c  0000002060  0c800003                bneg 3                     
00000810  0000002064  86884002                andcc %r1, %r2, %r3        
00000814  0000002068  10800002                ba 2                       
00000818  0000002072  86904002  else:         orcc %r1, %r2, %r3         
0000081c  0000002076  c620282c  done:         st %r3, [2092]             
00000820  0000002080  81c3e004                jmpl %r15, 4, %r0          
00000824  0000002084  0000001e  x:                                       
00000828  0000002088  00000030  y:                                       
0000082c  0000002092  00000000  a:                                       

--- Symbol Table ---
x: 2084
a: 2092
done: 2076
m_start: 2048
else: 2072
y: 2088
