(ARCTools Version 2.1.2)
 HexLoc     DecLoc    MachWord   Label        Instruction                Comment
                                              .org 2048                  
00000800  0000002048  c4002bb8  main:         ld [3000], %r2             
00000804  0000002052  80a06004  top:          subcc %r1, 4, %r0          
00000808  0000002056  02800004                be 4                       
0000080c  0000002060  8530a001                srl %r2, 1, %r2            
00000810  0000002064  82806001                addcc %r1, 1, %r1          
00000814  0000002068  10bffffc                ba -4                      
00000818  0000002072  c6202bbc  done:         st %r3, [3004]             
0000081c  0000002076  81c3e004                jmpl %r15, 4, %r0          
                                              .org 3000                  
00000bb8  0000003000  00000320  x:                                       
00000bbc  0000003004  00000000  y:                                       

--- Symbol Table ---
x: 3000
main: 2048
done: 2072
top: 2052
y: 3004
