(ARCTools Version 2.1.2)
 HexLoc     DecLoc    MachWord   Label        Instruction                Comment
                                              .org 2048                  
                                              .equ 4000                  
00000800  0000002048  c2002fa0                ld [4000], %r1             
00000804  0000002052  c4002fa4                ld [4004], %r2             
00000808  0000002056  c6002fa8                ld [4008], %r3             
0000080c  0000002060  80808003                addcc %r2, %r3, %r0        
00000810  0000002064  88804000                addcc %r1, %r0, %r4        
00000814  0000002068  84a08004                subcc %r2, %r4, %r2        
00000818  0000002072  c0202fa0                st %r0, [4000]             
0000081c  0000002076  c4202fac                st %r2, [4012]             
00000820  0000002080  81c3e004                jmpl %r15, 4, %r0          
                                              .org dstart                
00000fa0  0000004000  0000000f  a:                                       
00000fa4  0000004004  00000036  b:                                       
00000fa8  0000004008  ffffffe3  c:                                       
00000fac  0000004012  00000000  y:                                       

--- Symbol Table ---
b: 4004
dstart: 4000
a: 4000
y: 4012
c: 4008
